<?xml version="1.0" encoding="UTF-8"?>
<testsuite name="br.com.fiap.cervejaria.CervejariaApplicationTests" tests="1" skipped="0" failures="0" errors="0" timestamp="2020-01-24T01:53:40" hostname="Fabios-MacBook-Pro.local" time="0.176">
  <properties/>
  <testcase name="contextLoads()" classname="br.com.fiap.cervejaria.CervejariaApplicationTests" time="0.176"/>
  <system-out><![CDATA[23:53:24.396 [Test worker] DEBUG org.springframework.test.context.BootstrapUtils - Instantiating CacheAwareContextLoaderDelegate from class [org.springframework.test.context.cache.DefaultCacheAwareContextLoaderDelegate]
23:53:24.408 [Test worker] DEBUG org.springframework.test.context.BootstrapUtils - Instantiating BootstrapContext using constructor [public org.springframework.test.context.support.DefaultBootstrapContext(java.lang.Class,org.springframework.test.context.CacheAwareContextLoaderDelegate)]
23:53:24.434 [Test worker] DEBUG org.springframework.test.context.BootstrapUtils - Instantiating TestContextBootstrapper for test class [br.com.fiap.cervejaria.CervejariaApplicationTests] from class [org.springframework.boot.test.context.SpringBootTestContextBootstrapper]
23:53:24.447 [Test worker] INFO org.springframework.boot.test.context.SpringBootTestContextBootstrapper - Neither @ContextConfiguration nor @ContextHierarchy found for test class [br.com.fiap.cervejaria.CervejariaApplicationTests], using SpringBootContextLoader
23:53:24.450 [Test worker] DEBUG org.springframework.test.context.support.AbstractContextLoader - Did not detect default resource location for test class [br.com.fiap.cervejaria.CervejariaApplicationTests]: class path resource [br/com/fiap/cervejaria/CervejariaApplicationTests-context.xml] does not exist
23:53:24.450 [Test worker] DEBUG org.springframework.test.context.support.AbstractContextLoader - Did not detect default resource location for test class [br.com.fiap.cervejaria.CervejariaApplicationTests]: class path resource [br/com/fiap/cervejaria/CervejariaApplicationTestsContext.groovy] does not exist
23:53:24.450 [Test worker] INFO org.springframework.test.context.support.AbstractContextLoader - Could not detect default resource locations for test class [br.com.fiap.cervejaria.CervejariaApplicationTests]: no resource found for suffixes {-context.xml, Context.groovy}.
23:53:24.451 [Test worker] INFO org.springframework.test.context.support.AnnotationConfigContextLoaderUtils - Could not detect default configuration classes for test class [br.com.fiap.cervejaria.CervejariaApplicationTests]: CervejariaApplicationTests does not declare any static, non-private, non-final, nested classes annotated with @Configuration.
23:53:24.480 [Test worker] DEBUG org.springframework.test.context.support.ActiveProfilesUtils - Could not find an 'annotation declaring class' for annotation type [org.springframework.test.context.ActiveProfiles] and class [br.com.fiap.cervejaria.CervejariaApplicationTests]
23:53:24.533 [Test worker] DEBUG org.springframework.context.annotation.ClassPathScanningCandidateComponentProvider - Identified candidate component class: file [/Users/fabiomiyasato/Downloads/cervejaria/build/classes/java/main/br/com/fiap/cervejaria/CervejariaApplication.class]
23:53:24.533 [Test worker] INFO org.springframework.boot.test.context.SpringBootTestContextBootstrapper - Found @SpringBootConfiguration br.com.fiap.cervejaria.CervejariaApplication for test class br.com.fiap.cervejaria.CervejariaApplicationTests
23:53:24.605 [Test worker] DEBUG org.springframework.boot.test.context.SpringBootTestContextBootstrapper - @TestExecutionListeners is not present for class [br.com.fiap.cervejaria.CervejariaApplicationTests]: using defaults.
23:53:24.605 [Test worker] INFO org.springframework.boot.test.context.SpringBootTestContextBootstrapper - Loaded default TestExecutionListener class names from location [META-INF/spring.factories]: [org.springframework.boot.test.autoconfigure.restdocs.RestDocsTestExecutionListener, org.springframework.boot.test.autoconfigure.web.client.MockRestServiceServerResetTestExecutionListener, org.springframework.boot.test.autoconfigure.web.servlet.MockMvcPrintOnlyOnFailureTestExecutionListener, org.springframework.boot.test.autoconfigure.web.servlet.WebDriverTestExecutionListener, org.springframework.boot.test.mock.mockito.MockitoTestExecutionListener, org.springframework.boot.test.mock.mockito.ResetMocksTestExecutionListener, org.springframework.test.context.web.ServletTestExecutionListener, org.springframework.test.context.support.DirtiesContextBeforeModesTestExecutionListener, org.springframework.test.context.support.DependencyInjectionTestExecutionListener, org.springframework.test.context.support.DirtiesContextTestExecutionListener, org.springframework.test.context.transaction.TransactionalTestExecutionListener, org.springframework.test.context.jdbc.SqlScriptsTestExecutionListener, org.springframework.test.context.event.EventPublishingTestExecutionListener]
23:53:24.611 [Test worker] DEBUG org.springframework.boot.test.context.SpringBootTestContextBootstrapper - Skipping candidate TestExecutionListener [org.springframework.test.context.transaction.TransactionalTestExecutionListener] due to a missing dependency. Specify custom listener classes or make the default listener classes and their required dependencies available. Offending class: [org/springframework/transaction/interceptor/TransactionAttributeSource]
23:53:24.611 [Test worker] DEBUG org.springframework.boot.test.context.SpringBootTestContextBootstrapper - Skipping candidate TestExecutionListener [org.springframework.test.context.jdbc.SqlScriptsTestExecutionListener] due to a missing dependency. Specify custom listener classes or make the default listener classes and their required dependencies available. Offending class: [org/springframework/transaction/interceptor/TransactionAttribute]
23:53:24.612 [Test worker] INFO org.springframework.boot.test.context.SpringBootTestContextBootstrapper - Using TestExecutionListeners: [org.springframework.test.context.web.ServletTestExecutionListener@79bdf847, org.springframework.test.context.support.DirtiesContextBeforeModesTestExecutionListener@71855273, org.springframework.boot.test.mock.mockito.MockitoTestExecutionListener@cdc169c, org.springframework.boot.test.autoconfigure.SpringBootDependencyInjectionTestExecutionListener@2af293e0, org.springframework.test.context.support.DirtiesContextTestExecutionListener@3c1b2939, org.springframework.test.context.event.EventPublishingTestExecutionListener@6756e203, org.springframework.boot.test.autoconfigure.restdocs.RestDocsTestExecutionListener@b526083, org.springframework.boot.test.autoconfigure.web.client.MockRestServiceServerResetTestExecutionListener@35818f9a, org.springframework.boot.test.autoconfigure.web.servlet.MockMvcPrintOnlyOnFailureTestExecutionListener@50b63af2, org.springframework.boot.test.autoconfigure.web.servlet.WebDriverTestExecutionListener@a08c1d, org.springframework.boot.test.mock.mockito.ResetMocksTestExecutionListener@18eea2f2]
23:53:24.614 [Test worker] DEBUG org.springframework.test.context.support.AbstractDirtiesContextTestExecutionListener - Before test class: context [DefaultTestContext@e35616f testClass = CervejariaApplicationTests, testInstance = [null], testMethod = [null], testException = [null], mergedContextConfiguration = [WebMergedContextConfiguration@4e6988dc testClass = CervejariaApplicationTests, locations = '{}', classes = '{class br.com.fiap.cervejaria.CervejariaApplication}', contextInitializerClasses = '[]', activeProfiles = '{}', propertySourceLocations = '{}', propertySourceProperties = '{org.springframework.boot.test.context.SpringBootTestContextBootstrapper=true}', contextCustomizers = set[org.springframework.boot.test.autoconfigure.properties.PropertyMappingContextCustomizer@0, org.springframework.boot.test.autoconfigure.web.servlet.WebDriverContextCustomizerFactory$Customizer@911899c, org.springframework.boot.test.context.filter.ExcludeFilterContextCustomizer@5909d86d, org.springframework.boot.test.json.DuplicateJsonObjectContextCustomizerFactory$DuplicateJsonObjectContextCustomizer@a060bc8, org.springframework.boot.test.mock.mockito.MockitoContextCustomizer@0, org.springframework.boot.test.web.client.TestRestTemplateContextCustomizer@5911f870], resourceBasePath = 'src/main/webapp', contextLoader = 'org.springframework.boot.test.context.SpringBootContextLoader', parent = [null]], attributes = map['org.springframework.test.context.web.ServletTestExecutionListener.activateListener' -> true]], class annotated with @DirtiesContext [false] with mode [null].
23:53:24.632 [Test worker] DEBUG org.springframework.test.context.support.TestPropertySourceUtils - Adding inlined properties to environment: {spring.jmx.enabled=false, org.springframework.boot.test.context.SpringBootTestContextBootstrapper=true, server.port=-1}

  .   ____          _            __ _ _
 /\\ / ___'_ __ _ _(_)_ __  __ _ \ \ \ \
( ( )\___ | '_ | '_| | '_ \/ _` | \ \ \ \
 \\/  ___)| |_)| | | | | || (_| |  ) ) ) )
  '  |____| .__|_| |_|_| |_\__, | / / / /
 =========|_|==============|___/=/_/_/_/
 :: Spring Boot ::        (v2.2.4.RELEASE)

2020-01-23 23:53:34.819  WARN 19113 --- [    Test worker] o.s.boot.StartupInfoLogger               : InetAddress.getLocalHost().getHostName() took 5002 milliseconds to respond. Please verify your network configuration (macOS machines may need to add entries to /etc/hosts).
2020-01-23 23:53:39.826  INFO 19113 --- [    Test worker] b.c.f.c.CervejariaApplicationTests       : Starting CervejariaApplicationTests on Fabios-MacBook-Pro.local with PID 19113 (started by fabiomiyasato in /Users/fabiomiyasato/Downloads/cervejaria)
2020-01-23 23:53:39.827  INFO 19113 --- [    Test worker] b.c.f.c.CervejariaApplicationTests       : No active profile set, falling back to default profiles: default
2020-01-23 23:53:40.516  INFO 19113 --- [    Test worker] o.s.s.concurrent.ThreadPoolTaskExecutor  : Initializing ExecutorService 'applicationTaskExecutor'
2020-01-23 23:53:40.704  INFO 19113 --- [    Test worker] b.c.f.c.CervejariaApplicationTests       : Started CervejariaApplicationTests in 16.064 seconds (JVM running for 16.846)
]]></system-out>
  <system-err><![CDATA[]]></system-err>
</testsuite>
